Running tests for browser: firefox
Screen size: 1920x1080
Opened URL: https://alcuin.sobold.dev/
Accepted cookie popup
Took screenshot for test case: Text Block
Assertion passed: "Text Block", Text Block, Text Block Visibility, isVisible

Performed assertion: Text Block Visibility
Assertion passed: {"width":1920,"height":1080}, Text block heading, Visibility, isVisible

Performed assertion: Visibility
Assertion passed: {"width":1920,"height":1080}, Text block heading, Class Name, checkClassName

Performed assertion: Class Name
Assertion failed: {"width":1920,"height":1080}, Text block heading, Font Size, checkCSSProperty
 was expected 30px  but found font-size: 32px

Performed assertion: Font Size
Assertion passed: {"width":1920,"height":1080}, Text block heading, Padding-bottom, checkCSSProperty

Performed assertion: Padding-bottom
Assertion failed: {"width":1920,"height":1080},Text block heading,  Base font style, checkBase
 was expected 48px  but found font-size: 32px

Assertion failed: {"width":1920,"height":1080},Text block heading,  Base font style, checkBase
 was expected meno-display, sans-serif  but found font-family: "meno-display", sans-serif

Assertion passed: {"width":1920,"height":1080},Text block heading,  Base font style, checkBase
 line-height is as expected 40px 
Assertion passed: {"width":1920,"height":1080},Text block heading,  Base font style, checkBase
 letter-spacing is as expected normal 
Assertion passed: {"width":1920,"height":1080},Text block heading,  Base font style, checkBase
 font-weight is as expected 200 
Assertion failed: {"width":1920,"height":1080},Text block heading,  Base font style, checkBase
 was expected rgba(47, 32, 33, 1)  but found color: rgb(47, 32, 33)

Performed assertion: Base font style
Assertion passed: {"width":1920,"height":1080}, Text block content, Visibility, isVisible

Performed assertion: Visibility
Browser instance closed
Running tests for browser: firefox
Screen size: 1920x1080
Opened URL: https://alcuin.sobold.dev/
Accepted cookie popup
Took screenshot for test case: Text Block

Assertion passed: "Text Block", Text Block, Text Block Visibility, isVisible

Performed assertion: Text Block Visibility
Performed assertion: Visibility
Assertion passed: {"width":1920,"height":1080}, Text block heading, Visibility, isVisible

Performed assertion: Class Name
Assertion passed: {"width":1920,"height":1080}, Text block heading, Class Name, checkClassName

Performed assertion: Font Size
Assertion failed: {"width":1920,"height":1080}, Text block heading, Font Size, checkCSSProperty
 was expected 30px  but found font-size: 32px

Performed assertion: Padding-bottom
Assertion passed: {"width":1920,"height":1080}, Text block heading, Padding-bottom, checkCSSProperty

Performed assertion: Base font style
Assertion failed: {"width":1920,"height":1080},Text block heading,  Base font style, checkBase
 was expected 48px  but found font-size: 32px

Assertion failed: {"width":1920,"height":1080},Text block heading,  Base font style, checkBase
 was expected meno-display, sans-serif  but found font-family: "meno-display", sans-serif

Assertion passed: {"width":1920,"height":1080},Text block heading,  Base font style, checkBase
 line-height is as expected 40px 
Assertion passed: {"width":1920,"height":1080},Text block heading,  Base font style, checkBase
 letter-spacing is as expected normal 
Assertion passed: {"width":1920,"height":1080},Text block heading,  Base font style, checkBase
 font-weight is as expected 200 
Assertion failed: {"width":1920,"height":1080},Text block heading,  Base font style, checkBase
 was expected rgba(47, 32, 33, 1)  but found color: rgb(47, 32, 33)

Performed assertion: Visibility
Assertion passed: {"width":1920,"height":1080}, Text block content, Visibility, isVisible

Browser instance closed
